<?xml version="1.0" encoding="UTF-8"?>
<!-- Generated by org.testng.reporters.JUnitXMLReporter -->
<testsuite ignored="0" hostname="KANINI-LTP-786" failures="1" tests="3" name="Test" time="55.916" errors="0" timestamp="2025-04-24T20:10:21 IST">
  <testcase classname="com.orangeHr.qa.testcases.AdminTestCase" name="verifyAddUserFunctionalityUsingJsonAndPageObjects" time="16.526"/>
  <testcase classname="com.orangeHr.qa.testcases.LoginTestCase" name="loginWithValidCredentialUsingJsonFileAndPageObject" time="2.676"/>
  <testcase classname="com.orangeHr.qa.testcases.LoginTestCase" name="loginWithInValidCredentialUsingJsonFileAndPageObject" time="2.243">
    <failure type="java.lang.AssertionError" message="Invalid Credential message validation:  expected [nvalid credentials] but found [Invalid credentials]">
      <![CDATA[java.lang.AssertionError: Invalid Credential message validation:  expected [nvalid credentials] but found [Invalid credentials]
at com.orangeHr.qa.testcases.LoginTestCase.loginWithInValidCredentialUsingJsonFileAndPageObject(LoginTestCase.java:158)
at java.base/java.util.ArrayList.forEach(ArrayList.java:1596)
... Removed 30 stack frames]]>
    </failure>
  </testcase> <!-- loginWithInValidCredentialUsingJsonFileAndPageObject -->
</testsuite> <!-- Test -->
