<?xml version="1.0" encoding="UTF-8"?>
<testng-results ignored="0" total="1" passed="1" failed="0" skipped="0">
  <reporter-output>
  </reporter-output>
  <suite started-at="2025-03-17T22:13:27 IST" name="Default suite" finished-at="2025-03-17T22:13:30 IST" duration-ms="3400">
    <groups>
    </groups>
    <test started-at="2025-03-17T22:13:27 IST" name="Default test" finished-at="2025-03-17T22:13:30 IST" duration-ms="3400">
      <class name="seleniumAssignment.EnterTextInIframeDemoSite">
        <test-method signature="testCase()[pri:0, instance:seleniumAssignment.EnterTextInIframeDemoSite@1afd44cb]" started-at="2025-03-17T22:13:27 IST" name="testCase" finished-at="2025-03-17T22:13:30 IST" duration-ms="3355" status="PASS">
          <reporter-output>
          </reporter-output>
        </test-method> <!-- testCase -->
      </class> <!-- seleniumAssignment.EnterTextInIframeDemoSite -->
    </test> <!-- Default test -->
  </suite> <!-- Default suite -->
</testng-results>
