<?xml version="1.0" encoding="UTF-8"?>
<!-- Generated by org.testng.reporters.JUnitXMLReporter -->
<testsuite ignored="0" hostname="KANINI-LTP-786" failures="0" tests="4" name="Surefire test" time="42.545" errors="0" timestamp="2025-04-24T20:35:42 IST">
  <testcase classname="com.orangeHr.qa.testcases.AdminTestCase" name="verifyAddUserFunctionalityUsingJsonAndPageObjects" time="15.923"/>
  <testcase classname="com.orangeHr.qa.testcases.DemoTest" name="testCase1" time="0.0"/>
  <testcase classname="com.orangeHr.qa.testcases.LoginTestCase" name="loginWithValidCredentialUsingJsonFileAndPageObject" time="2.677"/>
  <testcase classname="com.orangeHr.qa.testcases.LoginTestCase" name="loginWithInValidCredentialUsingJsonFileAndPageObject" time="2.231"/>
</testsuite> <!-- Surefire test -->
