<?xml version="1.0" encoding="UTF-8"?>
<!-- Generated by org.testng.reporters.JUnitXMLReporter -->
<testsuite ignored="0" hostname="KANINI-LTP-786" failures="0" tests="9" name="Regression 1" time="9.077" errors="0" timestamp="2025-03-29T11:49:29 IST">
  <testcase classname="MyTestNG.ParallelClassA" name="myTest2" time="3.014"/>
  <testcase classname="MyTestNG.ParallelClassA" name="myTest3" time="3.019"/>
  <testcase classname="MyTestNG.ParallelClassA" name="myTest1" time="3.02"/>
  <testcase classname="MyTestNG.ParallelClassA" name="myTest4" time="3.01"/>
  <testcase classname="MyTestNG.ParallelClassB" name="myTest1" time="3.006"/>
  <testcase classname="MyTestNG.ParallelClassA" name="myTest5" time="3.006"/>
  <testcase classname="MyTestNG.ParallelClassB" name="myTest3" time="3.007"/>
  <testcase classname="MyTestNG.ParallelClassB" name="myTest2" time="3.007"/>
  <testcase classname="MyTestNG.ParallelClassB" name="myTest4" time="3.006"/>
</testsuite> <!-- Regression 1 -->
