<?xml version="1.0" encoding="UTF-8"?>
<testng-results ignored="0" total="1" passed="1" failed="0" skipped="0">
  <reporter-output>
  </reporter-output>
  <suite started-at="2025-03-23T11:59:29 IST" name="Default suite" finished-at="2025-03-23T11:59:29 IST" duration-ms="53">
    <groups>
    </groups>
    <test started-at="2025-03-23T11:59:29 IST" name="Default test" finished-at="2025-03-23T11:59:29 IST" duration-ms="53">
      <class name="oopsConcepts.myInterface.multipleInheritance.TestClassForMIinterface">
        <test-method signature="testcase()[pri:0, instance:oopsConcepts.myInterface.multipleInheritance.TestClassForMIinterface@10e92f8f]" started-at="2025-03-23T11:59:29 IST" name="testcase" finished-at="2025-03-23T11:59:29 IST" duration-ms="20" status="PASS">
          <reporter-output>
          </reporter-output>
        </test-method> <!-- testcase -->
      </class> <!-- oopsConcepts.myInterface.multipleInheritance.TestClassForMIinterface -->
    </test> <!-- Default test -->
  </suite> <!-- Default suite -->
</testng-results>
