<?xml version="1.0" encoding="UTF-8"?>
<testsuite xmlns:xsi="http://www.w3.org/2001/XMLSchema-instance" xsi:noNamespaceSchemaLocation="https://maven.apache.org/surefire/maven-surefire-plugin/xsd/surefire-test-report.xsd" version="3.0.2" name="TestSuite" time="56.55" tests="3" errors="0" skipped="0" failures="1">
  <properties>
[...]
</properties>
  <testcase name="verifyAddUserFunctionalityUsingJsonAndPageObjects" classname="com.orangeHr.qa.testcases.AdminTestCase" time="29.51">
    <system-err><![CDATA[SLF4J(W): No SLF4J providers were found.
SLF4J(W): Defaulting to no-operation (NOP) logger implementation
SLF4J(W): See https://www.slf4j.org/codes.html#noProviders for further details.
Apr 24, 2025 9:32:13 PM org.openqa.selenium.devtools.CdpVersionFinder findNearestMatch
WARNING: Unable to find an exact match for CDP version 135, returning the closest version; found: 134; Please update to a Selenium version that supports CDP version 135
Apr 24, 2025 9:32:18 PM com.orangeHr.qa.utils.WebUtils enterText
INFO: Entered Admin on element: [[ChromeDriver: chrome on windows (37d5cda1ca7239873baaac145f67563d)] -> xpath: //input[@name='username']]
Apr 24, 2025 9:32:18 PM com.orangeHr.qa.utils.WebUtils enterText
INFO: Entered admin123 on element: [[ChromeDriver: chrome on windows (37d5cda1ca7239873baaac145f67563d)] -> xpath: //input[@name='password']]
Apr 24, 2025 9:32:19 PM com.orangeHr.qa.utils.WebUtils clcikOnElement
INFO: Clicked on element: Proxy element for: DefaultElementLocator 'By.xpath: //button[@type='submit']'
Apr 24, 2025 9:32:21 PM com.orangeHr.qa.utils.WebUtils clcikOnElement
INFO: Clicked on element: Proxy element for: DefaultElementLocator 'By.xpath: //span[text()='Admin']'
Apr 24, 2025 9:32:22 PM com.orangeHr.qa.utils.WebUtils clcikOnElement
INFO: Clicked on element: Proxy element for: DefaultElementLocator 'By.xpath: //button[text()=' Add ']'
Apr 24, 2025 9:32:22 PM com.orangeHr.qa.utils.WebUtils clcikOnElement
INFO: Clicked on element: [[ChromeDriver: chrome on windows (37d5cda1ca7239873baaac145f67563d)] -> xpath: //div[label[text()='User Role']]//following-sibling:: div//div[@class='oxd-select-wrapper']]
Apr 24, 2025 9:32:23 PM com.orangeHr.qa.utils.WebUtils clcikOnElement
INFO: Clicked on element: Proxy element for: DefaultElementLocator 'By.xpath: //div[@role='option']/span[text()='Admin']'
Apr 24, 2025 9:32:24 PM com.orangeHr.qa.utils.WebUtils enterText
INFO: Entered Admin Admin123 on element: [[ChromeDriver: chrome on windows (37d5cda1ca7239873baaac145f67563d)] -> xpath: //input[@placeholder='Type for hints...']]
org.openqa.selenium.TimeoutException: Expected condition failed: waiting for visibility of Proxy element for: DefaultElementLocator 'By.xpath: //span[text()='Admin  Admin123']' (tried for 15 second(s) with 500 milliseconds interval)
	at org.openqa.selenium.support.ui.WebDriverWait.timeoutException(WebDriverWait.java:84)
	at org.openqa.selenium.support.ui.FluentWait.until(FluentWait.java:228)
	at com.orangeHr.qa.utils.WebUtils.clcikOnElement(WebUtils.java:37)
	at com.orangeHr.qa.pages.AdminPage.clickOnOrangeTest(AdminPage.java:119)
	at com.orangeHr.qa.testcases.AdminTestCase.verifyAddUserFunctionalityUsingJsonAndPageObjects(AdminTestCase.java:116)
	at java.base/jdk.internal.reflect.DirectMethodHandleAccessor.invoke(DirectMethodHandleAccessor.java:103)
	at java.base/java.lang.reflect.Method.invoke(Method.java:580)
	at org.testng.internal.invokers.MethodInvocationHelper.invokeMethod(MethodInvocationHelper.java:141)
	at org.testng.internal.invokers.TestInvoker.invokeMethod(TestInvoker.java:687)
	at org.testng.internal.invokers.TestInvoker.invokeTestMethod(TestInvoker.java:230)
	at org.testng.internal.invokers.MethodRunner.runInSequence(MethodRunner.java:63)
	at org.testng.internal.invokers.TestInvoker$MethodInvocationAgent.invoke(TestInvoker.java:995)
	at org.testng.internal.invokers.TestInvoker.invokeTestMethods(TestInvoker.java:203)
	at org.testng.internal.invokers.TestMethodWorker.invokeTestMethods(TestMethodWorker.java:154)
	at org.testng.internal.invokers.TestMethodWorker.run(TestMethodWorker.java:134)
	at java.base/java.util.ArrayList.forEach(ArrayList.java:1596)
	at org.testng.TestRunner.privateRun(TestRunner.java:741)
	at org.testng.TestRunner.run(TestRunner.java:616)
	at org.testng.SuiteRunner.runTest(SuiteRunner.java:421)
	at org.testng.SuiteRunner.runSequentially(SuiteRunner.java:413)
	at org.testng.SuiteRunner.privateRun(SuiteRunner.java:373)
	at org.testng.SuiteRunner.run(SuiteRunner.java:312)
	at org.testng.SuiteRunnerWorker.runSuite(SuiteRunnerWorker.java:52)
	at org.testng.SuiteRunnerWorker.run(SuiteRunnerWorker.java:95)
	at org.testng.TestNG.runSuitesSequentially(TestNG.java:1274)
	at org.testng.TestNG.runSuitesLocally(TestNG.java:1208)
	at org.testng.TestNG.runSuites(TestNG.java:1112)
	at org.testng.TestNG.run(TestNG.java:1079)
	at org.apache.maven.surefire.testng.TestNGExecutor.run(TestNGExecutor.java:308)
	at org.apache.maven.surefire.testng.TestNGXmlTestSuite.execute(TestNGXmlTestSuite.java:71)
	at org.apache.maven.surefire.testng.TestNGProvider.invoke(TestNGProvider.java:113)
	at org.apache.maven.surefire.booter.ForkedBooter.runSuitesInProcess(ForkedBooter.java:385)
	at org.apache.maven.surefire.booter.ForkedBooter.execute(ForkedBooter.java:162)
	at org.apache.maven.surefire.booter.ForkedBooter.run(ForkedBooter.java:507)
	at org.apache.maven.surefire.booter.ForkedBooter.main(ForkedBooter.java:495)
Caused by: org.openqa.selenium.NoSuchElementException: no such element: Unable to locate element: {"method":"xpath","selector":"//span[text()='Admin  Admin123']"}
  (Session info: chrome=135.0.7049.96)
For documentation on this error, please visit: https://www.selenium.dev/documentation/webdriver/troubleshooting/errors#no-such-element-exception
Build info: version: '4.30.0', revision: '509c7f17cc*'
System info: os.name: 'Windows 11', os.arch: 'amd64', os.version: '10.0', java.version: '21.0.6'
Driver info: org.openqa.selenium.chrome.ChromeDriver
Command: [37d5cda1ca7239873baaac145f67563d, findElement {value=//span[text()='Admin  Admin123'], using=xpath}]
Capabilities {acceptInsecureCerts: false, browserName: chrome, browserVersion: 135.0.7049.96, chrome: {chromedriverVersion: 135.0.7049.114 (63fd8a7d9d0..., userDataDir: C:\Users\SNEHAL~1\AppData\L...}, fedcm:accounts: true, goog:chromeOptions: {debuggerAddress: localhost:63455}, networkConnectionEnabled: false, pageLoadStrategy: normal, platformName: windows, proxy: Proxy(), se:cdp: ws://localhost:63455/devtoo..., se:cdpVersion: 135.0.7049.96, setWindowRect: true, strictFileInteractability: false, timeouts: {implicit: 0, pageLoad: 300000, script: 30000}, unhandledPromptBehavior: dismiss and notify, webauthn:extension:credBlob: true, webauthn:extension:largeBlob: true, webauthn:extension:minPinLength: true, webauthn:extension:prf: true, webauthn:virtualAuthenticators: true}
Session ID: 37d5cda1ca7239873baaac145f67563d
	at java.base/jdk.internal.reflect.DirectConstructorHandleAccessor.newInstance(DirectConstructorHandleAccessor.java:62)
	at java.base/java.lang.reflect.Constructor.newInstanceWithCaller(Constructor.java:502)
	at java.base/java.lang.reflect.Constructor.newInstance(Constructor.java:486)
	at org.openqa.selenium.remote.ErrorCodec.decode(ErrorCodec.java:167)
	at org.openqa.selenium.remote.codec.w3c.W3CHttpResponseCodec.decode(W3CHttpResponseCodec.java:138)
	at org.openqa.selenium.remote.codec.w3c.W3CHttpResponseCodec.decode(W3CHttpResponseCodec.java:50)
	at org.openqa.selenium.remote.HttpCommandExecutor.execute(HttpCommandExecutor.java:215)
	at org.openqa.selenium.remote.service.DriverCommandExecutor.invokeExecute(DriverCommandExecutor.java:216)
	at org.openqa.selenium.remote.service.DriverCommandExecutor.execute(DriverCommandExecutor.java:174)
	at org.openqa.selenium.remote.RemoteWebDriver.execute(RemoteWebDriver.java:545)
	at org.openqa.selenium.remote.ElementLocation$ElementFinder$2.findElement(ElementLocation.java:165)
	at org.openqa.selenium.remote.ElementLocation.findElement(ElementLocation.java:59)
	at org.openqa.selenium.remote.RemoteWebDriver.findElement(RemoteWebDriver.java:368)
	at org.openqa.selenium.remote.RemoteWebDriver.findElement(RemoteWebDriver.java:362)
	at org.openqa.selenium.support.pagefactory.DefaultElementLocator.findElement(DefaultElementLocator.java:68)
	at org.openqa.selenium.support.pagefactory.internal.LocatingElementHandler.invoke(LocatingElementHandler.java:38)
	at jdk.proxy2/jdk.proxy2.$Proxy11.isDisplayed(Unknown Source)
	at org.openqa.selenium.support.ui.ExpectedConditions.elementIfVisible(ExpectedConditions.java:304)
	at org.openqa.selenium.support.ui.ExpectedConditions$10.apply(ExpectedConditions.java:290)
	at org.openqa.selenium.support.ui.ExpectedConditions$10.apply(ExpectedConditions.java:287)
	at org.openqa.selenium.support.ui.FluentWait.until(FluentWait.java:203)
	... 33 more
Apr 24, 2025 9:32:40 PM com.orangeHr.qa.utils.WebUtils clcikOnElement
INFO: Clicked on element: [[ChromeDriver: chrome on windows (37d5cda1ca7239873baaac145f67563d)] -> xpath: //div[label[text()='Status']]//following-sibling::div//div[@class='oxd-select-wrapper']]
Apr 24, 2025 9:32:41 PM com.orangeHr.qa.utils.WebUtils clcikOnElement
INFO: Clicked on element: Proxy element for: DefaultElementLocator 'By.xpath: //div[@role='option']/span[text()='Enabled']'
Apr 24, 2025 9:32:41 PM com.orangeHr.qa.utils.WebUtils enterText
INFO: Entered User_Thu_Apr_24_21_32_41_IST_2025 on element: [[ChromeDriver: chrome on windows (37d5cda1ca7239873baaac145f67563d)] -> xpath: //div[label[text()='Username']]//following-sibling::div/input]
Apr 24, 2025 9:32:41 PM com.orangeHr.qa.utils.WebUtils enterText
INFO: Entered 123456Admin on element: [[ChromeDriver: chrome on windows (37d5cda1ca7239873baaac145f67563d)] -> xpath: //div[label[text()='Password']]//following-sibling::div/input[@type='password']]
Apr 24, 2025 9:32:42 PM com.orangeHr.qa.utils.WebUtils enterText
INFO: Entered 123456Admin on element: [[ChromeDriver: chrome on windows (37d5cda1ca7239873baaac145f67563d)] -> xpath: //div[label[text()='Confirm Password']]//following-sibling::div/input[@type='password']]
Apr 24, 2025 9:32:42 PM com.orangeHr.qa.utils.WebUtils clcikOnElement
INFO: Clicked on element: [[ChromeDriver: chrome on windows (37d5cda1ca7239873baaac145f67563d)] -> xpath: //button[text()=' Save ']]
]]></system-err>
  </testcase>
  <testcase name="loginWithValidCredentialUsingJsonFileAndPageObject" classname="com.orangeHr.qa.testcases.LoginTestCase" time="2.978">
    <system-err><![CDATA[Apr 24, 2025 9:32:48 PM org.openqa.selenium.devtools.CdpVersionFinder findNearestMatch
WARNING: Unable to find an exact match for CDP version 135, returning the closest version; found: 134; Please update to a Selenium version that supports CDP version 135
Apr 24, 2025 9:32:53 PM com.orangeHr.qa.utils.WebUtils enterText
INFO: Entered Admin on element: [[ChromeDriver: chrome on windows (2ac55aa017e1b94826e357316aedd29f)] -> xpath: //input[@name='username']]
Apr 24, 2025 9:32:53 PM com.orangeHr.qa.utils.WebUtils enterText
INFO: Entered admin123 on element: [[ChromeDriver: chrome on windows (2ac55aa017e1b94826e357316aedd29f)] -> xpath: //input[@name='password']]
Apr 24, 2025 9:32:54 PM com.orangeHr.qa.utils.WebUtils clcikOnElement
INFO: Clicked on element: Proxy element for: DefaultElementLocator 'By.xpath: //button[@type='submit']'
Apr 24, 2025 9:32:55 PM com.orangeHr.qa.utils.WebUtils isElementDisplayed
INFO: Clicked on element: [[ChromeDriver: chrome on windows (2ac55aa017e1b94826e357316aedd29f)] -> xpath: //li[@class='oxd-userdropdown']]
]]></system-err>
  </testcase>
  <testcase name="loginWithInValidCredentialUsingJsonFileAndPageObject" classname="com.orangeHr.qa.testcases.LoginTestCase" time="3.061">
    <failure message="Invalid Credential message validation:  expected [nvalid credentials] but found [Invalid credentials]" type="java.lang.AssertionError"><![CDATA[java.lang.AssertionError: Invalid Credential message validation:  expected [nvalid credentials] but found [Invalid credentials]
	at org.testng.Assert.fail(Assert.java:111)
	at org.testng.Assert.failNotEquals(Assert.java:1590)
	at org.testng.Assert.assertEqualsImpl(Assert.java:150)
	at org.testng.Assert.assertEquals(Assert.java:132)
	at org.testng.Assert.assertEquals(Assert.java:656)
	at com.orangeHr.qa.testcases.LoginTestCase.loginWithInValidCredentialUsingJsonFileAndPageObject(LoginTestCase.java:158)
	at java.base/jdk.internal.reflect.DirectMethodHandleAccessor.invoke(DirectMethodHandleAccessor.java:103)
	at java.base/java.lang.reflect.Method.invoke(Method.java:580)
	at org.testng.internal.invokers.MethodInvocationHelper.invokeMethod(MethodInvocationHelper.java:141)
	at org.testng.internal.invokers.TestInvoker.invokeMethod(TestInvoker.java:687)
	at org.testng.internal.invokers.TestInvoker.invokeTestMethod(TestInvoker.java:230)
	at org.testng.internal.invokers.MethodRunner.runInSequence(MethodRunner.java:63)
	at org.testng.internal.invokers.TestInvoker$MethodInvocationAgent.invoke(TestInvoker.java:995)
	at org.testng.internal.invokers.TestInvoker.invokeTestMethods(TestInvoker.java:203)
	at org.testng.internal.invokers.TestMethodWorker.invokeTestMethods(TestMethodWorker.java:154)
	at org.testng.internal.invokers.TestMethodWorker.run(TestMethodWorker.java:134)
	at java.base/java.util.ArrayList.forEach(ArrayList.java:1596)
	at org.testng.TestRunner.privateRun(TestRunner.java:741)
	at org.testng.TestRunner.run(TestRunner.java:616)
	at org.testng.SuiteRunner.runTest(SuiteRunner.java:421)
	at org.testng.SuiteRunner.runSequentially(SuiteRunner.java:413)
	at org.testng.SuiteRunner.privateRun(SuiteRunner.java:373)
	at org.testng.SuiteRunner.run(SuiteRunner.java:312)
	at org.testng.SuiteRunnerWorker.runSuite(SuiteRunnerWorker.java:52)
	at org.testng.SuiteRunnerWorker.run(SuiteRunnerWorker.java:95)
	at org.testng.TestNG.runSuitesSequentially(TestNG.java:1274)
	at org.testng.TestNG.runSuitesLocally(TestNG.java:1208)
	at org.testng.TestNG.runSuites(TestNG.java:1112)
	at org.testng.TestNG.run(TestNG.java:1079)
	at org.apache.maven.surefire.testng.TestNGExecutor.run(TestNGExecutor.java:308)
	at org.apache.maven.surefire.testng.TestNGXmlTestSuite.execute(TestNGXmlTestSuite.java:71)
	at org.apache.maven.surefire.testng.TestNGProvider.invoke(TestNGProvider.java:113)
	at org.apache.maven.surefire.booter.ForkedBooter.runSuitesInProcess(ForkedBooter.java:385)
	at org.apache.maven.surefire.booter.ForkedBooter.execute(ForkedBooter.java:162)
	at org.apache.maven.surefire.booter.ForkedBooter.run(ForkedBooter.java:507)
	at org.apache.maven.surefire.booter.ForkedBooter.main(ForkedBooter.java:495)
]]></failure>
    <system-err><![CDATA[Apr 24, 2025 9:32:56 PM org.openqa.selenium.devtools.CdpVersionFinder findNearestMatch
WARNING: Unable to find an exact match for CDP version 135, returning the closest version; found: 134; Please update to a Selenium version that supports CDP version 135
Apr 24, 2025 9:33:05 PM com.orangeHr.qa.utils.WebUtils enterText
INFO: Entered admin232 on element: [[ChromeDriver: chrome on windows (f2119ee64c7e5ca6039f76ddbb8edbb5)] -> xpath: //input[@name='username']]
Apr 24, 2025 9:33:05 PM com.orangeHr.qa.utils.WebUtils enterText
INFO: Entered admigndfd on element: [[ChromeDriver: chrome on windows (f2119ee64c7e5ca6039f76ddbb8edbb5)] -> xpath: //input[@name='password']]
Apr 24, 2025 9:33:06 PM com.orangeHr.qa.utils.WebUtils clcikOnElement
INFO: Clicked on element: Proxy element for: DefaultElementLocator 'By.xpath: //button[@type='submit']'
Apr 24, 2025 9:33:07 PM com.orangeHr.qa.utils.WebUtils getText
INFO: Clicked on element: [[ChromeDriver: chrome on windows (f2119ee64c7e5ca6039f76ddbb8edbb5)] -> xpath: //p[@class='oxd-text oxd-text--p oxd-alert-content-text']]
]]></system-err>
  </testcase>
</testsuite>